make all --print-data-base --no-builtin-variables --no-builtin-rules --question
make: *** No rule to make target 'all'.  Stop.

# GNU Make 4.1
# Built for aarch64-unknown-linux-gnu
# Copyright (C) 1988-2014 Free Software Foundation, Inc.
# License GPLv3+: GNU GPL version 3 or later <http://gnu.org/licenses/gpl.html>
# This is free software: you are free to change and redistribute it.
# There is NO WARRANTY, to the extent permitted by law.

# Make data base, printed on Mon Jul  4 13:23:21 2022

# Variables

# 'override' directive
GNUMAKEFLAGS := 
# automatic
<D = $(patsubst %/,%,$(dir $<))
# automatic
?F = $(notdir $?)
# environment
PAPERSIZE = a4
# environment
DESKTOP_SESSION = unity
# default
.SHELLFLAGS := -c
# environment
XDG_SESSION_TYPE = x11
# environment
VSCODE_LOG_NATIVE = false
# automatic
?D = $(patsubst %/,%,$(dir $?))
# automatic
@D = $(patsubst %/,%,$(dir $@))
# environment
XAUTHORITY = /run/user/1000/gdm/Xauthority
# environment
GDMSESSION = unity
# environment
XMODIFIERS = @im=ibus
# makefile
CURDIR := /home/nvidia/workspace/Driver
# makefile
SHELL = /bin/sh
# environment
VSCODE_NLS_CONFIG = {"locale":"ja","availableLanguages":{"*":"ja"},"_languagePackId":"3cd3bd15e30fa0124a3f232cbca66525.ja","_translationsConfigFile":"/home/nvidia/.config/Code/clp/3cd3bd15e30fa0124a3f232cbca66525.ja/tcf.json","_cacheRoot":"/home/nvidia/.config/Code/clp/3cd3bd15e30fa0124a3f232cbca66525.ja","_resolvedLanguagePackCoreLocation":"/home/nvidia/.config/Code/clp/3cd3bd15e30fa0124a3f232cbca66525.ja/30d9c6cd9483b2cc586687151bcbcd635f373630","_corruptedFile":"/home/nvidia/.config/Code/clp/3cd3bd15e30fa0124a3f232cbca66525.ja/corrupted.info","_languagePackSupport":true}
# environment
_ = /usr/share/code/code
# environment
JOURNAL_STREAM = 8:47204
# environment
XDG_CONFIG_DIRS = /etc/xdg/xdg-unity:/etc/xdg
# makefile
MAKEFILE_LIST := 
# automatic
@F = $(notdir $@)
# environment
GIO_LAUNCHED_DESKTOP_FILE = /usr/share/applications/code.desktop
# environment
USERNAME = nvidia
# environment
MAKELEVEL := 0
# environment
XDG_DATA_DIRS = /usr/share/unity:/usr/local/share/:/usr/share/:/var/lib/snapd/desktop
# environment
DBUS_SESSION_BUS_ADDRESS = unix:path=/run/user/1000/bus
# environment
VSCODE_VERBOSE_LOGGING = true
# environment
UNITY_DEFAULT_PROFILE = unity
# environment
CLUTTER_IM_MODULE = xim
# environment
LESSOPEN = | /usr/bin/lesspipe %s
# environment
LC_NAME = ja_JP.UTF-8
# environment
VSCODE_CWD = /home/nvidia
# default
MAKE_HOST := aarch64-unknown-linux-gnu
# environment
PATH = /usr/local/sbin:/usr/local/bin:/usr/sbin:/usr/bin:/sbin:/bin:/usr/games:/usr/local/games:/snap/bin
# environment
UNITY_HAS_3D_SUPPORT = true
# environment
GPG_AGENT_INFO = /run/user/1000/gnupg/S.gpg-agent:0:1
# environment
SESSION_MANAGER = local/localhost.localdomain:@/tmp/.ICE-unix/7085,unix/localhost.localdomain:/tmp/.ICE-unix/7085
# environment
XDG_RUNTIME_DIR = /run/user/1000
# environment
SSH_AGENT_LAUNCHER = gnome-keyring
# environment
TEXTDOMAIN = im-config
# environment
XDG_MENU_PREFIX = gnome-
# environment
VSCODE_LOG_STACK = false
# environment
ELECTRON_RUN_AS_NODE = 1
# environment
INVOCATION_ID = b4e196af626f4ed9aa24558e124518ac
# default
.FEATURES := target-specific order-only second-expansion else-if shortest-stem undefine oneshell archives jobserver output-sync check-symlink load
# environment
LS_COLORS = 
# environment
XDG_SESSION_DESKTOP = unity
# environment
SSH_AUTH_SOCK = /run/user/1000/keyring/ssh
# environment
GIO_LAUNCHED_DESKTOP_FILE_PID = 8999
# automatic
%F = $(notdir $%)
# environment
DISPLAY = :0
# environment
GTK_IM_MODULE = ibus
# environment
GNOME_SESSION_XDG_SESSION_PATH = 
# environment
PWD = /home/nvidia/workspace/Driver
# environment
ORIGINAL_XDG_CURRENT_DESKTOP = Unity:Unity7:ubuntu
# environment
GTK_MODULES = gail:atk-bridge:unity-gtk-module
# environment
VSCODE_AMD_ENTRYPOINT = vs/workbench/api/node/extensionHostProcess
# environment
HOME = /home/nvidia
# automatic
+D = $(patsubst %/,%,$(dir $+))
# environment
LESSCLOSE = /usr/bin/lesspipe %s %s
# environment
VSCODE_CODE_CACHE_PATH = /home/nvidia/.config/Code/CachedData/30d9c6cd9483b2cc586687151bcbcd635f373630
# environment
LOGNAME = nvidia
# environment
APPLICATION_INSIGHTS_NO_DIAGNOSTIC_CHANNEL = 1
# automatic
+F = $(notdir $+)
# environment
VSCODE_HANDLES_UNCAUGHT_ERRORS = true
# environment
GNOME_DESKTOP_SESSION_ID = this-is-deprecated
# automatic
^D = $(patsubst %/,%,$(dir $^))
# environment
LC_TIME = ja_JP.UTF-8
# default
MAKE = $(MAKE_COMMAND)
# default
MAKECMDGOALS := all
# environment
QT_IM_MODULE = ibus
# environment
SHLVL = 2
# environment
IM_CONFIG_PHASE = 2
# environment
VSCODE_IPC_HOOK_EXTHOST = /run/user/1000/vscode-ipc-d09ecd36-5b11-4e21-8b22-5afd0e5d5ee7.sock
# environment
COMPIZ_CONFIG_PROFILE = ubuntu
# default
MAKE_VERSION := 4.1
# environment
USER = nvidia
# environment
LC_MONETARY = ja_JP.UTF-8
# makefile
.DEFAULT_GOAL := 
# environment
XDG_CURRENT_DESKTOP = Unity
# environment
MANAGERPID = 6164
# automatic
%D = $(patsubst %/,%,$(dir $%))
# environment
LC_TELEPHONE = ja_JP.UTF-8
# default
MAKE_COMMAND := make
# default
.VARIABLES := 
# automatic
*F = $(notdir $*)
# environment
LANGUAGE = ja:en
# environment
VSCODE_IPC_HOOK = /run/user/1000/vscode-4568caff-1.68.1-main.sock
# makefile
MAKEFLAGS = pqrR
# environment
MFLAGS = -pqrR
# automatic
*D = $(patsubst %/,%,$(dir $*))
# environment
GTK_CSD = 0
# environment
GDK_BACKEND = x11
# environment
LC_PAPER = ja_JP.UTF-8
# environment
QT_ACCESSIBILITY = 1
# environment
COMPIZ_BIN_PATH = /usr/bin/
# environment
VSCODE_PIPE_LOGGING = true
# environment
TEXTDOMAINDIR = /usr/share/locale/
# default
MAKEFILES := 
# environment
LC_NUMERIC = ja_JP.UTF-8
# automatic
<F = $(notdir $<)
# environment
LC_MEASUREMENT = ja_JP.UTF-8
# environment
LC_ALL = C
# environment
QT4_IM_MODULE = xim
# automatic
^F = $(notdir $^)
# default
SUFFIXES := 
# environment
CHROME_DESKTOP = code-url-handler.desktop
# environment
WINDOWPATH = 1
# default
.INCLUDE_DIRS = /usr/include /usr/local/include /usr/include
# environment
LC_IDENTIFICATION = ja_JP.UTF-8
# default
.RECIPEPREFIX := 
# environment
LC_ADDRESS = ja_JP.UTF-8
# environment
LANG = C
# environment
VSCODE_PID = 8999
# variable set hash-table stats:
# Load=114/1024=11%, Rehash=0, Collisions=19/136=14%

# Pattern-specific Variable Values

# No pattern-specific variable values.

# Directories

# . (device 45825, inode 153525): 7 files, no impossibilities.

# 7 files, no impossibilities in 1 directories.

# Implicit Rules

# No implicit rules.

# Files

# Not a target:
all:
#  Command line target.
#  Implicit rule search has been done.
#  File does not exist.
#  File has not been updated.

# Not a target:
Makefile:
#  Implicit rule search has been done.
#  File does not exist.
#  File has been updated.
#  Failed to be updated.

# Not a target:
makefile:
#  Implicit rule search has been done.
#  File does not exist.
#  File has been updated.
#  Failed to be updated.

# Not a target:
.DEFAULT:
#  Implicit rule search has not been done.
#  Modification time never checked.
#  File has not been updated.

# Not a target:
GNUmakefile:
#  Implicit rule search has been done.
#  File does not exist.
#  File has been updated.
#  Failed to be updated.

# files hash-table stats:
# Load=6/1024=1%, Rehash=0, Collisions=0/15=0%
# VPATH Search Paths

# No 'vpath' search paths.

# No general ('VPATH' variable) search path.

# strcache buffers: 1 (0) / strings = 15 / storage = 130 B / avg = 8 B
# current buf: size = 8162 B / used = 130 B / count = 15 / avg = 8 B

# strcache performance: lookups = 18 / hit rate = 16%
# hash-table stats:
# Load=15/8192=0%, Rehash=0, Collisions=1/18=6%
# Finished Make data base on Mon Jul  4 13:23:22 2022

 
